{"/home/kuba/stenciljs-tutorial/jest/index.js": {"path":"/home/kuba/stenciljs-tutorial/jest/index.js","all":false,"statementMap":{"0":{"start":{"line":1,"column":0},"end":{"line":1,"column":28}},"1":{"start":{"line":2,"column":0},"end":{"line":2,"column":0}},"2":{"start":{"line":3,"column":0},"end":{"line":3,"column":28}},"3":{"start":{"line":4,"column":0},"end":{"line":4,"column":0}},"4":{"start":{"line":5,"column":0},"end":{"line":5,"column":18}},"5":{"start":{"line":6,"column":0},"end":{"line":6,"column":6}},"6":{"start":{"line":7,"column":0},"end":{"line":7,"column":6}},"7":{"start":{"line":8,"column":0},"end":{"line":8,"column":2}}},"s":{"0":1,"1":1,"2":1,"3":1,"4":1,"5":1,"6":1,"7":1},"branchMap":{"0":{"type":"branch","line":1,"loc":{"start":{"line":1,"column":12},"end":{"line":1,"column":28}},"locations":[{"start":{"line":1,"column":12},"end":{"line":1,"column":28}}]},"1":{"type":"branch","line":3,"loc":{"start":{"line":3,"column":12},"end":{"line":3,"column":28}},"locations":[{"start":{"line":3,"column":12},"end":{"line":3,"column":28}}]}},"b":{"0":[8],"1":[1]},"fnMap":{"0":{"name":"add","decl":{"start":{"line":1,"column":12},"end":{"line":1,"column":28}},"loc":{"start":{"line":1,"column":12},"end":{"line":1,"column":28}},"line":1},"1":{"name":"sub","decl":{"start":{"line":3,"column":12},"end":{"line":3,"column":28}},"loc":{"start":{"line":3,"column":12},"end":{"line":3,"column":28}},"line":3}},"f":{"0":8,"1":1}}
}
