{"/home/kuba/stenciljs-tutorial/address-book/src/components/kuba-address-form/kuba-address-form.tsx": {"path":"/home/kuba/stenciljs-tutorial/address-book/src/components/kuba-address-form/kuba-address-form.tsx","statementMap":{"0":{"start":{"line":1,"column":0},"end":{"line":1,"column":64}},"1":{"start":{"line":4,"column":0},"end":{"line":4,"column":53}},"2":{"start":{"line":6,"column":0},"end":{"line":6,"column":74}},"3":{"start":{"line":21,"column":10},"end":{"line":27,"column":4}},"4":{"start":{"line":26,"column":4},"end":{"line":26,"column":32}},"5":{"start":{"line":29,"column":10},"end":{"line":35,"column":4}},"6":{"start":{"line":34,"column":4},"end":{"line":34,"column":31}},"7":{"start":{"line":37,"column":10},"end":{"line":39,"column":4}},"8":{"start":{"line":38,"column":4},"end":{"line":38,"column":30}},"9":{"start":{"line":53,"column":2},"end":{"line":64,"column":4}},"10":{"start":{"line":54,"column":13},"end":{"line":54,"column":33}},"11":{"start":{"line":55,"column":15},"end":{"line":61,"column":null}},"12":{"start":{"line":58,"column":16},"end":{"line":58,"column":50}},"13":{"start":{"line":59,"column":8},"end":{"line":59,"column":33}},"14":{"start":{"line":60,"column":8},"end":{"line":60,"column":61}},"15":{"start":{"line":63,"column":4},"end":{"line":63,"column":16}},"16":{"start":{"line":66,"column":10},"end":{"line":94,"column":4}},"17":{"start":{"line":67,"column":4},"end":{"line":93,"column":null}},"18":{"start":{"line":68,"column":19},"end":{"line":68,"column":37}},"19":{"start":{"line":70,"column":6},"end":{"line":75,"column":9}},"20":{"start":{"line":76,"column":6},"end":{"line":76,"column":57}},"21":{"start":{"line":78,"column":6},"end":{"line":78,"column":31}},"22":{"start":{"line":79,"column":6},"end":{"line":79,"column":30}},"23":{"start":{"line":80,"column":6},"end":{"line":80,"column":24}},"24":{"start":{"line":81,"column":6},"end":{"line":81,"column":29}},"25":{"start":{"line":83,"column":6},"end":{"line":92,"column":9}},"26":{"start":{"line":84,"column":8},"end":{"line":91,"column":null}},"27":{"start":{"line":85,"column":10},"end":{"line":90,"column":12}},"28":{"start":{"line":42,"column":4},"end":{"line":49,"column":7}},"29":{"start":{"line":43,"column":6},"end":{"line":48,"column":null}},"30":{"start":{"line":44,"column":8},"end":{"line":44,"column":41}},"31":{"start":{"line":45,"column":8},"end":{"line":45,"column":45}},"32":{"start":{"line":46,"column":8},"end":{"line":46,"column":43}},"33":{"start":{"line":47,"column":8},"end":{"line":47,"column":31}},"34":{"start":{"line":97,"column":4},"end":{"line":134,"column":6}},"35":{"start":{"line":8,"column":0},"end":{"line":8,"column":null}}},"fnMap":{"0":{"name":"(anonymous_1)","decl":{"start":{"line":8,"column":0},"end":{"line":8,"column":null}},"loc":{"start":{"line":8,"column":0},"end":{"line":136,"column":null}}},"1":{"name":"(anonymous_2)","decl":{"start":{"line":21,"column":30},"end":{"line":21,"column":31}},"loc":{"start":{"line":25,"column":7},"end":{"line":27,"column":3}}},"2":{"name":"(anonymous_3)","decl":{"start":{"line":29,"column":29},"end":{"line":29,"column":30}},"loc":{"start":{"line":33,"column":7},"end":{"line":35,"column":3}}},"3":{"name":"(anonymous_4)","decl":{"start":{"line":37,"column":28},"end":{"line":37,"column":29}},"loc":{"start":{"line":37,"column":61},"end":{"line":39,"column":3}}},"4":{"name":"(anonymous_5)","decl":{"start":{"line":53,"column":16},"end":{"line":53,"column":19}},"loc":{"start":{"line":53,"column":21},"end":{"line":64,"column":3}}},"5":{"name":"(anonymous_6)","decl":{"start":{"line":57,"column":6},"end":{"line":57,"column":16}},"loc":{"start":{"line":57,"column":17},"end":{"line":61,"column":7}}},"6":{"name":"(anonymous_7)","decl":{"start":{"line":66,"column":21},"end":{"line":66,"column":24}},"loc":{"start":{"line":66,"column":26},"end":{"line":94,"column":3}}},"7":{"name":"(anonymous_8)","decl":{"start":{"line":83,"column":36},"end":{"line":83,"column":37}},"loc":{"start":{"line":83,"column":55},"end":{"line":92,"column":7}}},"8":{"name":"(anonymous_9)","decl":{"start":{"line":41,"column":2},"end":{"line":41,"column":19}},"loc":{"start":{"line":41,"column":19},"end":{"line":50,"column":3}}},"9":{"name":"(anonymous_10)","decl":{"start":{"line":42,"column":34},"end":{"line":42,"column":35}},"loc":{"start":{"line":42,"column":43},"end":{"line":49,"column":5}}},"10":{"name":"(anonymous_11)","decl":{"start":{"line":96,"column":2},"end":{"line":96,"column":8}},"loc":{"start":{"line":96,"column":8},"end":{"line":135,"column":3}}}},"branchMap":{"0":{"loc":{"start":{"line":60,"column":27},"end":{"line":60,"column":28}},"type":"cond-expr","locations":[{"start":{"line":60,"column":27},"end":{"line":60,"column":28}},{"start":{"line":60,"column":31},"end":{"line":60,"column":46}}]},"1":{"loc":{"start":{"line":67,"column":4},"end":{"line":93,"column":null}},"type":"if","locations":[{"start":{"line":67,"column":4},"end":{"line":93,"column":null}},{"start":{"line":67,"column":4},"end":{"line":93,"column":null}}]},"2":{"loc":{"start":{"line":84,"column":8},"end":{"line":91,"column":null}},"type":"if","locations":[{"start":{"line":84,"column":8},"end":{"line":91,"column":null}},{"start":{"line":84,"column":8},"end":{"line":91,"column":null}}]},"3":{"loc":{"start":{"line":43,"column":6},"end":{"line":48,"column":null}},"type":"if","locations":[{"start":{"line":43,"column":6},"end":{"line":48,"column":null}},{"start":{"line":43,"column":6},"end":{"line":48,"column":null}}]}},"s":{"0":1,"1":1,"2":1,"3":1,"4":0,"5":1,"6":0,"7":1,"8":0,"9":1,"10":0,"11":0,"12":0,"13":0,"14":0,"15":0,"16":1,"17":0,"18":0,"19":0,"20":0,"21":0,"22":0,"23":0,"24":0,"25":0,"26":0,"27":0,"28":1,"29":0,"30":0,"31":0,"32":0,"33":0,"34":1,"35":1},"f":{"0":1,"1":0,"2":0,"3":0,"4":0,"5":0,"6":0,"7":0,"8":1,"9":0,"10":1},"b":{"0":[0,0],"1":[0,0],"2":[0,0],"3":[0,0]}}
,"/home/kuba/stenciljs-tutorial/address-book/src/components/kuba-button/kuba-button.tsx": {"path":"/home/kuba/stenciljs-tutorial/address-book/src/components/kuba-button/kuba-button.tsx","statementMap":{"0":{"start":{"line":1,"column":0},"end":{"line":1,"column":57}},"1":{"start":{"line":12,"column":4},"end":{"line":18,"column":6}},"2":{"start":{"line":3,"column":0},"end":{"line":3,"column":null}}},"fnMap":{"0":{"name":"(anonymous_1)","decl":{"start":{"line":11,"column":2},"end":{"line":11,"column":8}},"loc":{"start":{"line":11,"column":8},"end":{"line":19,"column":3}}}},"branchMap":{},"s":{"0":1,"1":1,"2":1},"f":{"0":1},"b":{}}
,"/home/kuba/stenciljs-tutorial/address-book/src/components/kuba-home/kuba-home.tsx": {"path":"/home/kuba/stenciljs-tutorial/address-book/src/components/kuba-home/kuba-home.tsx","statementMap":{"0":{"start":{"line":1,"column":0},"end":{"line":1,"column":51}},"1":{"start":{"line":10,"column":4},"end":{"line":16,"column":6}},"2":{"start":{"line":3,"column":0},"end":{"line":3,"column":null}}},"fnMap":{"0":{"name":"(anonymous_1)","decl":{"start":{"line":9,"column":2},"end":{"line":9,"column":8}},"loc":{"start":{"line":9,"column":8},"end":{"line":17,"column":3}}}},"branchMap":{},"s":{"0":1,"1":1,"2":1},"f":{"0":1},"b":{}}
,"/home/kuba/stenciljs-tutorial/address-book/src/components/kuba-input/kuba-input-functional.tsx": {"path":"/home/kuba/stenciljs-tutorial/address-book/src/components/kuba-input/kuba-input-functional.tsx","statementMap":{"0":{"start":{"line":1,"column":0},"end":{"line":1,"column":34}},"1":{"start":{"line":3,"column":35},"end":{"line":25,"column":1}},"2":{"start":{"line":16,"column":18},"end":{"line":18,"column":3}},"3":{"start":{"line":17,"column":4},"end":{"line":17,"column":42}},"4":{"start":{"line":19,"column":2},"end":{"line":24,"column":4}},"5":{"start":{"line":3,"column":13},"end":{"line":3,"column":35}}},"fnMap":{"0":{"name":"(anonymous_0)","decl":{"start":{"line":3,"column":35},"end":{"line":3,"column":36}},"loc":{"start":{"line":15,"column":5},"end":{"line":25,"column":1}}},"1":{"name":"(anonymous_1)","decl":{"start":{"line":16,"column":18},"end":{"line":16,"column":19}},"loc":{"start":{"line":16,"column":28},"end":{"line":18,"column":3}}}},"branchMap":{"0":{"loc":{"start":{"line":6,"column":9},"end":{"line":6,"column":15}},"type":"default-arg","locations":[{"start":{"line":6,"column":9},"end":{"line":6,"column":15}}]}},"s":{"0":1,"1":1,"2":0,"3":0,"4":0,"5":1},"f":{"0":0,"1":0},"b":{"0":[0]}}
,"/home/kuba/stenciljs-tutorial/address-book/src/components/kuba-input/kuba-input.tsx": {"path":"/home/kuba/stenciljs-tutorial/address-book/src/components/kuba-input/kuba-input.tsx","statementMap":{"0":{"start":{"line":1,"column":0},"end":{"line":1,"column":78}},"1":{"start":{"line":13,"column":10},"end":{"line":13,"column":48}},"2":{"start":{"line":19,"column":10},"end":{"line":21,"column":4}},"3":{"start":{"line":20,"column":4},"end":{"line":20,"column":56}},"4":{"start":{"line":24,"column":4},"end":{"line":36,"column":6}},"5":{"start":{"line":3,"column":0},"end":{"line":3,"column":null}}},"fnMap":{"0":{"name":"(anonymous_0)","decl":{"start":{"line":3,"column":0},"end":{"line":3,"column":null}},"loc":{"start":{"line":3,"column":0},"end":{"line":38,"column":null}}},"1":{"name":"(anonymous_1)","decl":{"start":{"line":19,"column":20},"end":{"line":19,"column":21}},"loc":{"start":{"line":19,"column":30},"end":{"line":21,"column":3}}},"2":{"name":"(anonymous_2)","decl":{"start":{"line":23,"column":2},"end":{"line":23,"column":8}},"loc":{"start":{"line":23,"column":8},"end":{"line":37,"column":3}}}},"branchMap":{},"s":{"0":1,"1":1,"2":1,"3":0,"4":1,"5":1},"f":{"0":1,"1":0,"2":1},"b":{}}
,"/home/kuba/stenciljs-tutorial/address-book/src/components/kuba-list/kuba-list.tsx": {"path":"/home/kuba/stenciljs-tutorial/address-book/src/components/kuba-list/kuba-list.tsx","statementMap":{"0":{"start":{"line":1,"column":0},"end":{"line":1,"column":51}},"1":{"start":{"line":3,"column":0},"end":{"line":3,"column":53}},"2":{"start":{"line":11,"column":2},"end":{"line":16,"column":4}},"3":{"start":{"line":12,"column":26},"end":{"line":13,"column":null}},"4":{"start":{"line":13,"column":16},"end":{"line":13,"column":30}},"5":{"start":{"line":15,"column":4},"end":{"line":15,"column":42}},"6":{"start":{"line":19,"column":4},"end":{"line":47,"column":6}},"7":{"start":{"line":37,"column":48},"end":{"line":42,"column":14}},"8":{"start":{"line":5,"column":0},"end":{"line":5,"column":null}}},"fnMap":{"0":{"name":"(anonymous_1)","decl":{"start":{"line":5,"column":0},"end":{"line":5,"column":null}},"loc":{"start":{"line":5,"column":0},"end":{"line":49,"column":null}}},"1":{"name":"(anonymous_2)","decl":{"start":{"line":11,"column":18},"end":{"line":11,"column":19}},"loc":{"start":{"line":11,"column":33},"end":{"line":16,"column":3}}},"2":{"name":"(anonymous_3)","decl":{"start":{"line":13,"column":6},"end":{"line":13,"column":7}},"loc":{"start":{"line":13,"column":16},"end":{"line":13,"column":30}}},"3":{"name":"(anonymous_4)","decl":{"start":{"line":18,"column":2},"end":{"line":18,"column":8}},"loc":{"start":{"line":18,"column":8},"end":{"line":48,"column":3}}},"4":{"name":"(anonymous_5)","decl":{"start":{"line":37,"column":39},"end":{"line":37,"column":40}},"loc":{"start":{"line":37,"column":48},"end":{"line":42,"column":14}}}},"branchMap":{},"s":{"0":1,"1":1,"2":1,"3":0,"4":0,"5":0,"6":1,"7":0,"8":1},"f":{"0":1,"1":0,"2":0,"3":1,"4":0},"b":{}}
,"/home/kuba/stenciljs-tutorial/address-book/src/components/kuba-table-attributes/kuba-table-attributes.tsx": {"path":"/home/kuba/stenciljs-tutorial/address-book/src/components/kuba-table-attributes/kuba-table-attributes.tsx","statementMap":{"0":{"start":{"line":1,"column":0},"end":{"line":1,"column":57}},"1":{"start":{"line":13,"column":4},"end":{"line":33,"column":6}},"2":{"start":{"line":18,"column":62},"end":{"line":18,"column":76}},"3":{"start":{"line":24,"column":16},"end":{"line":27,"column":null}},"4":{"start":{"line":26,"column":20},"end":{"line":26,"column":35}},"5":{"start":{"line":3,"column":0},"end":{"line":3,"column":null}}},"fnMap":{"0":{"name":"(anonymous_1)","decl":{"start":{"line":12,"column":2},"end":{"line":12,"column":8}},"loc":{"start":{"line":12,"column":8},"end":{"line":34,"column":3}}},"1":{"name":"(anonymous_2)","decl":{"start":{"line":18,"column":53},"end":{"line":18,"column":54}},"loc":{"start":{"line":18,"column":62},"end":{"line":18,"column":76}}},"2":{"name":"(anonymous_3)","decl":{"start":{"line":23,"column":28},"end":{"line":23,"column":29}},"loc":{"start":{"line":24,"column":16},"end":{"line":27,"column":null}}},"3":{"name":"(anonymous_4)","decl":{"start":{"line":25,"column":27},"end":{"line":25,"column":28}},"loc":{"start":{"line":26,"column":20},"end":{"line":26,"column":35}}}},"branchMap":{"0":{"loc":{"start":{"line":18,"column":15},"end":{"line":18,"column":35}},"type":"binary-expr","locations":[{"start":{"line":18,"column":15},"end":{"line":18,"column":35}},{"start":{"line":18,"column":39},"end":{"line":18,"column":77}}]},"1":{"loc":{"start":{"line":22,"column":13},"end":{"line":22,"column":33}},"type":"binary-expr","locations":[{"start":{"line":22,"column":13},"end":{"line":22,"column":33}},{"start":{"line":23,"column":14},"end":{"line":29,"column":16}}]}},"s":{"0":1,"1":1,"2":0,"3":0,"4":0,"5":1},"f":{"0":1,"1":0,"2":0,"3":0},"b":{"0":[1,0],"1":[0,0]}}
,"/home/kuba/stenciljs-tutorial/address-book/src/components/kuba-table-options/kuba-table-options.tsx": {"path":"/home/kuba/stenciljs-tutorial/address-book/src/components/kuba-table-options/kuba-table-options.tsx","statementMap":{"0":{"start":{"line":1,"column":0},"end":{"line":1,"column":66}},"1":{"start":{"line":12,"column":10},"end":{"line":12,"column":25}},"2":{"start":{"line":13,"column":10},"end":{"line":13,"column":25}},"3":{"start":{"line":34,"column":10},"end":{"line":40,"column":4}},"4":{"start":{"line":35,"column":17},"end":{"line":35,"column":19}},"5":{"start":{"line":36,"column":4},"end":{"line":38,"column":null}},"6":{"start":{"line":37,"column":6},"end":{"line":37,"column":41}},"7":{"start":{"line":39,"column":4},"end":{"line":39,"column":18}},"8":{"start":{"line":16,"column":24},"end":{"line":17,"column":null}},"9":{"start":{"line":19,"column":4},"end":{"line":19,"column":75}},"10":{"start":{"line":19,"column":47},"end":{"line":19,"column":73}},"11":{"start":{"line":21,"column":24},"end":{"line":22,"column":null}},"12":{"start":{"line":24,"column":30},"end":{"line":25,"column":null}},"13":{"start":{"line":25,"column":6},"end":{"line":25,"column":32}},"14":{"start":{"line":27,"column":4},"end":{"line":30,"column":6}},"15":{"start":{"line":43,"column":4},"end":{"line":80,"column":6}},"16":{"start":{"line":49,"column":44},"end":{"line":49,"column":58}},"17":{"start":{"line":55,"column":16},"end":{"line":74,"column":null}},"18":{"start":{"line":57,"column":20},"end":{"line":72,"column":null}},"19":{"start":{"line":58,"column":22},"end":{"line":71,"column":24}},"20":{"start":{"line":66,"column":43},"end":{"line":66,"column":75}},"21":{"start":{"line":73,"column":20},"end":{"line":73,"column":43}},"22":{"start":{"line":3,"column":0},"end":{"line":3,"column":null}}},"fnMap":{"0":{"name":"(anonymous_0)","decl":{"start":{"line":3,"column":0},"end":{"line":3,"column":null}},"loc":{"start":{"line":3,"column":0},"end":{"line":82,"column":null}}},"1":{"name":"(anonymous_1)","decl":{"start":{"line":34,"column":33},"end":{"line":34,"column":34}},"loc":{"start":{"line":34,"column":49},"end":{"line":40,"column":3}}},"2":{"name":"(anonymous_2)","decl":{"start":{"line":15,"column":2},"end":{"line":15,"column":19}},"loc":{"start":{"line":15,"column":19},"end":{"line":31,"column":3}}},"3":{"name":"(anonymous_3)","decl":{"start":{"line":19,"column":37},"end":{"line":19,"column":38}},"loc":{"start":{"line":19,"column":47},"end":{"line":19,"column":73}}},"4":{"name":"(anonymous_4)","decl":{"start":{"line":24,"column":46},"end":{"line":24,"column":47}},"loc":{"start":{"line":25,"column":6},"end":{"line":25,"column":32}}},"5":{"name":"(anonymous_5)","decl":{"start":{"line":42,"column":2},"end":{"line":42,"column":8}},"loc":{"start":{"line":42,"column":8},"end":{"line":81,"column":3}}},"6":{"name":"(anonymous_6)","decl":{"start":{"line":49,"column":35},"end":{"line":49,"column":36}},"loc":{"start":{"line":49,"column":44},"end":{"line":49,"column":58}}},"7":{"name":"(anonymous_7)","decl":{"start":{"line":54,"column":33},"end":{"line":54,"column":34}},"loc":{"start":{"line":55,"column":16},"end":{"line":74,"column":null}}},"8":{"name":"(anonymous_8)","decl":{"start":{"line":56,"column":27},"end":{"line":56,"column":28}},"loc":{"start":{"line":56,"column":43},"end":{"line":74,"column":19}}},"9":{"name":"(anonymous_9)","decl":{"start":{"line":66,"column":37},"end":{"line":66,"column":40}},"loc":{"start":{"line":66,"column":43},"end":{"line":66,"column":75}}}},"branchMap":{"0":{"loc":{"start":{"line":48,"column":15},"end":{"line":48,"column":40}},"type":"binary-expr","locations":[{"start":{"line":48,"column":15},"end":{"line":48,"column":40}},{"start":{"line":49,"column":16},"end":{"line":49,"column":59}}]},"1":{"loc":{"start":{"line":53,"column":13},"end":{"line":53,"column":38}},"type":"binary-expr","locations":[{"start":{"line":53,"column":13},"end":{"line":53,"column":38}},{"start":{"line":54,"column":14},"end":{"line":76,"column":16}}]},"2":{"loc":{"start":{"line":57,"column":20},"end":{"line":72,"column":null}},"type":"if","locations":[{"start":{"line":57,"column":20},"end":{"line":72,"column":null}},{"start":{"line":57,"column":20},"end":{"line":72,"column":null}}]}},"s":{"0":1,"1":1,"2":1,"3":1,"4":1,"5":1,"6":0,"7":1,"8":1,"9":1,"10":0,"11":1,"12":1,"13":0,"14":1,"15":1,"16":0,"17":0,"18":0,"19":0,"20":0,"21":0,"22":1},"f":{"0":1,"1":1,"2":1,"3":0,"4":0,"5":1,"6":0,"7":0,"8":0,"9":0},"b":{"0":[1,0],"1":[1,0],"2":[0,0]}}
,"/home/kuba/stenciljs-tutorial/address-book/src/components/kuba-table-slot/kuba-table-slot.tsx": {"path":"/home/kuba/stenciljs-tutorial/address-book/src/components/kuba-table-slot/kuba-table-slot.tsx","statementMap":{"0":{"start":{"line":1,"column":0},"end":{"line":1,"column":51}},"1":{"start":{"line":10,"column":4},"end":{"line":21,"column":6}},"2":{"start":{"line":3,"column":0},"end":{"line":3,"column":null}}},"fnMap":{"0":{"name":"(anonymous_1)","decl":{"start":{"line":9,"column":2},"end":{"line":9,"column":8}},"loc":{"start":{"line":9,"column":8},"end":{"line":22,"column":3}}}},"branchMap":{},"s":{"0":1,"1":1,"2":1},"f":{"0":1},"b":{}}
,"/home/kuba/stenciljs-tutorial/address-book/src/store/address-store.ts": {"path":"/home/kuba/stenciljs-tutorial/address-book/src/store/address-store.ts","statementMap":{"0":{"start":{"line":1,"column":0},"end":{"line":1,"column":45}},"1":{"start":{"line":14,"column":33},"end":{"line":16,"column":2}},"2":{"start":{"line":18,"column":18},"end":{"line":18,"column":42}},"3":{"start":{"line":20,"column":0},"end":{"line":20,"column":21}}},"fnMap":{},"branchMap":{},"s":{"0":2,"1":2,"2":2,"3":2},"f":{},"b":{}}
}
